[0m10:29:53.308112 [debug] [MainThread]: Sending event: {'category': 'dbt', 'action': 'invocation', 'label': 'start', 'context': [<snowplow_tracker.self_describing_json.SelfDescribingJson object at 0x10d628f40>, <snowplow_tracker.self_describing_json.SelfDescribingJson object at 0x10e5d7550>, <snowplow_tracker.self_describing_json.SelfDescribingJson object at 0x10e5d7e20>]}


============================== 10:29:53.313160 | 1455b6b1-0090-48a5-86eb-36285e96a160 ==============================
[0m10:29:53.313160 [info ] [MainThread]: Running with dbt=1.9.4
[0m10:29:53.313684 [debug] [MainThread]: running dbt with arguments {'printer_width': '80', 'indirect_selection': 'eager', 'write_json': 'True', 'log_cache_events': 'False', 'partial_parse': 'True', 'cache_selected_only': 'False', 'warn_error': 'None', 'version_check': 'True', 'fail_fast': 'False', 'log_path': 'logs', 'profiles_dir': '/Users/luzhiyin/.dbt', 'debug': 'False', 'use_colors': 'True', 'use_experimental_parser': 'False', 'empty': 'None', 'quiet': 'False', 'no_print': 'None', 'warn_error_options': 'WarnErrorOptions(include=[], exclude=[])', 'introspect': 'True', 'invocation_command': 'dbt init dbtlearn', 'static_parser': 'True', 'target_path': 'None', 'log_format': 'default', 'send_anonymous_usage_stats': 'True'}
[0m10:29:53.325352 [debug] [MainThread]: Starter project path: /opt/anaconda3/envs/datachat/lib/python3.9/site-packages/dbt/include/starter_project
[0m10:29:53.329899 [info ] [MainThread]: 
Your new dbt project "dbtlearn" was created!

For more information on how to configure the profiles.yml file,
please consult the dbt documentation here:

  https://docs.getdbt.com/docs/configure-your-profile

One more thing:

Need help? Don't hesitate to reach out to us via GitHub issues or on Slack:

  https://community.getdbt.com/

Happy modeling!

[0m10:29:53.330223 [info ] [MainThread]: Setting up your profile.
[0m10:32:38.293670 [info ] [MainThread]: Profile dbtlearn written to /Users/luzhiyin/.dbt/profiles.yml using target's profile_template.yml and your supplied values. Run 'dbt debug' to validate the connection.
[0m10:32:38.354898 [debug] [MainThread]: Resource report: {"command_name": "init", "command_success": true, "command_wall_clock_time": 165.12947, "process_in_blocks": "0", "process_kernel_time": 0.742944, "process_mem_max_rss": "168353792", "process_out_blocks": "0", "process_user_time": 2.562827}
[0m10:32:38.357768 [debug] [MainThread]: Command `dbt init` succeeded at 10:32:38.357086 after 165.13 seconds
[0m10:32:38.360907 [debug] [MainThread]: Sending event: {'category': 'dbt', 'action': 'invocation', 'label': 'end', 'context': [<snowplow_tracker.self_describing_json.SelfDescribingJson object at 0x10d628f40>, <snowplow_tracker.self_describing_json.SelfDescribingJson object at 0x10e5c88b0>, <snowplow_tracker.self_describing_json.SelfDescribingJson object at 0x10e58dd30>]}
[0m10:32:38.362315 [debug] [MainThread]: Flushing usage events
[0m10:32:38.602803 [debug] [MainThread]: An error was encountered while trying to flush usage events
[0m15:10:51.411613 [debug] [MainThread]: Sending event: {'category': 'dbt', 'action': 'invocation', 'label': 'start', 'context': [<snowplow_tracker.self_describing_json.SelfDescribingJson object at 0x10ff891f0>, <snowplow_tracker.self_describing_json.SelfDescribingJson object at 0x110f3ca90>, <snowplow_tracker.self_describing_json.SelfDescribingJson object at 0x110f3c610>]}


============================== 15:10:51.417562 | d0bdbb30-99b1-4581-8c38-041c292b1570 ==============================
[0m15:10:51.417562 [info ] [MainThread]: Running with dbt=1.9.4
[0m15:10:51.418335 [debug] [MainThread]: running dbt with arguments {'printer_width': '80', 'indirect_selection': 'eager', 'write_json': 'True', 'log_cache_events': 'False', 'partial_parse': 'True', 'cache_selected_only': 'False', 'profiles_dir': '/Users/luzhiyin/.dbt', 'fail_fast': 'False', 'warn_error': 'None', 'log_path': 'logs', 'debug': 'False', 'version_check': 'True', 'use_colors': 'True', 'use_experimental_parser': 'False', 'no_print': 'None', 'quiet': 'False', 'empty': 'None', 'warn_error_options': 'WarnErrorOptions(include=[], exclude=[])', 'introspect': 'True', 'invocation_command': 'dbt init', 'log_format': 'default', 'target_path': 'None', 'static_parser': 'True', 'send_anonymous_usage_stats': 'True'}
[0m15:10:58.439032 [info ] [MainThread]: A project called dbtlearn already exists here.
[0m15:10:58.446780 [debug] [MainThread]: Resource report: {"command_name": "init", "command_success": true, "command_wall_clock_time": 7.1219687, "process_in_blocks": "0", "process_kernel_time": 0.160761, "process_mem_max_rss": "97103872", "process_out_blocks": "0", "process_user_time": 1.059676}
[0m15:10:58.448937 [debug] [MainThread]: Command `dbt init` succeeded at 15:10:58.448249 after 7.12 seconds
[0m15:10:58.449912 [debug] [MainThread]: Sending event: {'category': 'dbt', 'action': 'invocation', 'label': 'end', 'context': [<snowplow_tracker.self_describing_json.SelfDescribingJson object at 0x10ff891f0>, <snowplow_tracker.self_describing_json.SelfDescribingJson object at 0x110ef9760>, <snowplow_tracker.self_describing_json.SelfDescribingJson object at 0x110f1cb80>]}
[0m15:10:58.450682 [debug] [MainThread]: Flushing usage events
[0m15:10:58.643703 [debug] [MainThread]: An error was encountered while trying to flush usage events
